<?xml version="1.0" encoding="UTF-8"?>
<!-- Generated by org.testng.reporters.JUnitReportReporter -->
<testsuite hostname="vivekP-mobi" name="com.zoopla.Test.AgentsPageTest" tests="1" failures="0" timestamp="12 Apr 2019 18:02:19 GMT" time="43.151" errors="0">
  <testcase name="agenttext" time="43.151" classname="com.zoopla.Test.AgentsPageTest"/>
</testsuite> <!-- com.zoopla.Test.AgentsPageTest -->
